[2025-09-10T21:46:22.731+0000] {processor.py:157} INFO - Started process (PID=167) to work on /opt/airflow/dags/baby_dag.py
[2025-09-10T21:46:22.733+0000] {processor.py:829} INFO - Processing file /opt/airflow/dags/baby_dag.py for tasks to queue
[2025-09-10T21:46:22.733+0000] {logging_mixin.py:151} INFO - [2025-09-10T21:46:22.733+0000] {dagbag.py:539} INFO - Filling up the DagBag from /opt/airflow/dags/baby_dag.py
[2025-09-10T21:46:22.746+0000] {processor.py:839} INFO - DAG(s) dict_keys(['baby_pipeline']) retrieved from /opt/airflow/dags/baby_dag.py
[2025-09-10T21:46:22.755+0000] {logging_mixin.py:151} INFO - [2025-09-10T21:46:22.755+0000] {dag.py:2907} INFO - Sync 1 DAGs
[2025-09-10T21:46:22.760+0000] {logging_mixin.py:151} INFO - [2025-09-10T21:46:22.760+0000] {dag.py:3677} INFO - Setting next_dagrun for baby_pipeline to None, run_after=None
[2025-09-10T21:46:22.767+0000] {processor.py:179} INFO - Processing /opt/airflow/dags/baby_dag.py took 0.037 seconds
[2025-09-10T21:46:52.970+0000] {processor.py:157} INFO - Started process (PID=172) to work on /opt/airflow/dags/baby_dag.py
[2025-09-10T21:46:52.971+0000] {processor.py:829} INFO - Processing file /opt/airflow/dags/baby_dag.py for tasks to queue
[2025-09-10T21:46:52.971+0000] {logging_mixin.py:151} INFO - [2025-09-10T21:46:52.971+0000] {dagbag.py:539} INFO - Filling up the DagBag from /opt/airflow/dags/baby_dag.py
[2025-09-10T21:46:52.980+0000] {processor.py:839} INFO - DAG(s) dict_keys(['baby_pipeline']) retrieved from /opt/airflow/dags/baby_dag.py
[2025-09-10T21:46:53.005+0000] {logging_mixin.py:151} INFO - [2025-09-10T21:46:53.005+0000] {dag.py:2907} INFO - Sync 1 DAGs
[2025-09-10T21:46:53.011+0000] {logging_mixin.py:151} INFO - [2025-09-10T21:46:53.011+0000] {dag.py:3677} INFO - Setting next_dagrun for baby_pipeline to None, run_after=None
[2025-09-10T21:46:53.017+0000] {processor.py:179} INFO - Processing /opt/airflow/dags/baby_dag.py took 0.049 seconds
[2025-09-10T21:47:23.198+0000] {processor.py:157} INFO - Started process (PID=177) to work on /opt/airflow/dags/baby_dag.py
[2025-09-10T21:47:23.199+0000] {processor.py:829} INFO - Processing file /opt/airflow/dags/baby_dag.py for tasks to queue
[2025-09-10T21:47:23.200+0000] {logging_mixin.py:151} INFO - [2025-09-10T21:47:23.200+0000] {dagbag.py:539} INFO - Filling up the DagBag from /opt/airflow/dags/baby_dag.py
[2025-09-10T21:47:23.209+0000] {processor.py:839} INFO - DAG(s) dict_keys(['baby_pipeline']) retrieved from /opt/airflow/dags/baby_dag.py
[2025-09-10T21:47:23.229+0000] {logging_mixin.py:151} INFO - [2025-09-10T21:47:23.229+0000] {dag.py:2907} INFO - Sync 1 DAGs
[2025-09-10T21:47:23.236+0000] {logging_mixin.py:151} INFO - [2025-09-10T21:47:23.236+0000] {dag.py:3677} INFO - Setting next_dagrun for baby_pipeline to None, run_after=None
[2025-09-10T21:47:23.245+0000] {processor.py:179} INFO - Processing /opt/airflow/dags/baby_dag.py took 0.050 seconds
[2025-09-10T21:47:40.634+0000] {processor.py:157} INFO - Started process (PID=167) to work on /opt/airflow/dags/baby_dag.py
[2025-09-10T21:47:40.635+0000] {processor.py:829} INFO - Processing file /opt/airflow/dags/baby_dag.py for tasks to queue
[2025-09-10T21:47:40.636+0000] {logging_mixin.py:151} INFO - [2025-09-10T21:47:40.636+0000] {dagbag.py:539} INFO - Filling up the DagBag from /opt/airflow/dags/baby_dag.py
[2025-09-10T21:47:40.649+0000] {processor.py:839} INFO - DAG(s) dict_keys(['baby_pipeline']) retrieved from /opt/airflow/dags/baby_dag.py
[2025-09-10T21:47:40.661+0000] {logging_mixin.py:151} INFO - [2025-09-10T21:47:40.661+0000] {dag.py:2907} INFO - Sync 1 DAGs
[2025-09-10T21:47:40.668+0000] {logging_mixin.py:151} INFO - [2025-09-10T21:47:40.668+0000] {dag.py:3677} INFO - Setting next_dagrun for baby_pipeline to None, run_after=None
[2025-09-10T21:47:40.676+0000] {processor.py:179} INFO - Processing /opt/airflow/dags/baby_dag.py took 0.044 seconds
[2025-09-10T21:48:10.868+0000] {processor.py:157} INFO - Started process (PID=172) to work on /opt/airflow/dags/baby_dag.py
[2025-09-10T21:48:10.868+0000] {processor.py:829} INFO - Processing file /opt/airflow/dags/baby_dag.py for tasks to queue
[2025-09-10T21:48:10.869+0000] {logging_mixin.py:151} INFO - [2025-09-10T21:48:10.869+0000] {dagbag.py:539} INFO - Filling up the DagBag from /opt/airflow/dags/baby_dag.py
[2025-09-10T21:48:10.878+0000] {processor.py:839} INFO - DAG(s) dict_keys(['baby_pipeline']) retrieved from /opt/airflow/dags/baby_dag.py
[2025-09-10T21:48:10.904+0000] {logging_mixin.py:151} INFO - [2025-09-10T21:48:10.903+0000] {dag.py:2907} INFO - Sync 1 DAGs
[2025-09-10T21:48:10.909+0000] {logging_mixin.py:151} INFO - [2025-09-10T21:48:10.909+0000] {dag.py:3677} INFO - Setting next_dagrun for baby_pipeline to None, run_after=None
[2025-09-10T21:48:10.916+0000] {processor.py:179} INFO - Processing /opt/airflow/dags/baby_dag.py took 0.051 seconds
[2025-09-10T21:48:41.126+0000] {processor.py:157} INFO - Started process (PID=177) to work on /opt/airflow/dags/baby_dag.py
[2025-09-10T21:48:41.127+0000] {processor.py:829} INFO - Processing file /opt/airflow/dags/baby_dag.py for tasks to queue
[2025-09-10T21:48:41.127+0000] {logging_mixin.py:151} INFO - [2025-09-10T21:48:41.127+0000] {dagbag.py:539} INFO - Filling up the DagBag from /opt/airflow/dags/baby_dag.py
[2025-09-10T21:48:41.138+0000] {processor.py:839} INFO - DAG(s) dict_keys(['baby_pipeline']) retrieved from /opt/airflow/dags/baby_dag.py
[2025-09-10T21:48:41.153+0000] {logging_mixin.py:151} INFO - [2025-09-10T21:48:41.153+0000] {dag.py:2907} INFO - Sync 1 DAGs
[2025-09-10T21:48:41.159+0000] {logging_mixin.py:151} INFO - [2025-09-10T21:48:41.159+0000] {dag.py:3677} INFO - Setting next_dagrun for baby_pipeline to None, run_after=None
[2025-09-10T21:48:41.165+0000] {processor.py:179} INFO - Processing /opt/airflow/dags/baby_dag.py took 0.042 seconds
[2025-09-10T21:49:11.388+0000] {processor.py:157} INFO - Started process (PID=182) to work on /opt/airflow/dags/baby_dag.py
[2025-09-10T21:49:11.388+0000] {processor.py:829} INFO - Processing file /opt/airflow/dags/baby_dag.py for tasks to queue
[2025-09-10T21:49:11.389+0000] {logging_mixin.py:151} INFO - [2025-09-10T21:49:11.389+0000] {dagbag.py:539} INFO - Filling up the DagBag from /opt/airflow/dags/baby_dag.py
[2025-09-10T21:49:11.403+0000] {processor.py:839} INFO - DAG(s) dict_keys(['baby_pipeline']) retrieved from /opt/airflow/dags/baby_dag.py
[2025-09-10T21:49:11.433+0000] {logging_mixin.py:151} INFO - [2025-09-10T21:49:11.432+0000] {dag.py:2907} INFO - Sync 1 DAGs
[2025-09-10T21:49:11.439+0000] {logging_mixin.py:151} INFO - [2025-09-10T21:49:11.439+0000] {dag.py:3677} INFO - Setting next_dagrun for baby_pipeline to None, run_after=None
[2025-09-10T21:49:11.446+0000] {processor.py:179} INFO - Processing /opt/airflow/dags/baby_dag.py took 0.061 seconds
[2025-09-10T21:49:41.642+0000] {processor.py:157} INFO - Started process (PID=187) to work on /opt/airflow/dags/baby_dag.py
[2025-09-10T21:49:41.645+0000] {processor.py:829} INFO - Processing file /opt/airflow/dags/baby_dag.py for tasks to queue
[2025-09-10T21:49:41.646+0000] {logging_mixin.py:151} INFO - [2025-09-10T21:49:41.646+0000] {dagbag.py:539} INFO - Filling up the DagBag from /opt/airflow/dags/baby_dag.py
[2025-09-10T21:49:41.659+0000] {processor.py:839} INFO - DAG(s) dict_keys(['baby_pipeline']) retrieved from /opt/airflow/dags/baby_dag.py
[2025-09-10T21:49:41.675+0000] {logging_mixin.py:151} INFO - [2025-09-10T21:49:41.674+0000] {dag.py:2907} INFO - Sync 1 DAGs
[2025-09-10T21:49:41.681+0000] {logging_mixin.py:151} INFO - [2025-09-10T21:49:41.681+0000] {dag.py:3677} INFO - Setting next_dagrun for baby_pipeline to None, run_after=None
[2025-09-10T21:49:41.688+0000] {processor.py:179} INFO - Processing /opt/airflow/dags/baby_dag.py took 0.049 seconds
[2025-09-10T21:50:11.912+0000] {processor.py:157} INFO - Started process (PID=192) to work on /opt/airflow/dags/baby_dag.py
[2025-09-10T21:50:11.912+0000] {processor.py:829} INFO - Processing file /opt/airflow/dags/baby_dag.py for tasks to queue
[2025-09-10T21:50:11.913+0000] {logging_mixin.py:151} INFO - [2025-09-10T21:50:11.913+0000] {dagbag.py:539} INFO - Filling up the DagBag from /opt/airflow/dags/baby_dag.py
[2025-09-10T21:50:11.926+0000] {processor.py:839} INFO - DAG(s) dict_keys(['baby_pipeline']) retrieved from /opt/airflow/dags/baby_dag.py
[2025-09-10T21:50:11.946+0000] {logging_mixin.py:151} INFO - [2025-09-10T21:50:11.946+0000] {dag.py:2907} INFO - Sync 1 DAGs
[2025-09-10T21:50:11.952+0000] {logging_mixin.py:151} INFO - [2025-09-10T21:50:11.952+0000] {dag.py:3677} INFO - Setting next_dagrun for baby_pipeline to None, run_after=None
[2025-09-10T21:50:11.963+0000] {processor.py:179} INFO - Processing /opt/airflow/dags/baby_dag.py took 0.055 seconds
[2025-09-10T21:50:42.174+0000] {processor.py:157} INFO - Started process (PID=197) to work on /opt/airflow/dags/baby_dag.py
[2025-09-10T21:50:42.175+0000] {processor.py:829} INFO - Processing file /opt/airflow/dags/baby_dag.py for tasks to queue
[2025-09-10T21:50:42.176+0000] {logging_mixin.py:151} INFO - [2025-09-10T21:50:42.176+0000] {dagbag.py:539} INFO - Filling up the DagBag from /opt/airflow/dags/baby_dag.py
[2025-09-10T21:50:42.189+0000] {processor.py:839} INFO - DAG(s) dict_keys(['baby_pipeline']) retrieved from /opt/airflow/dags/baby_dag.py
[2025-09-10T21:50:42.207+0000] {logging_mixin.py:151} INFO - [2025-09-10T21:50:42.207+0000] {dag.py:2907} INFO - Sync 1 DAGs
[2025-09-10T21:50:42.213+0000] {logging_mixin.py:151} INFO - [2025-09-10T21:50:42.213+0000] {dag.py:3677} INFO - Setting next_dagrun for baby_pipeline to None, run_after=None
[2025-09-10T21:50:42.220+0000] {processor.py:179} INFO - Processing /opt/airflow/dags/baby_dag.py took 0.049 seconds
[2025-09-10T21:51:12.431+0000] {processor.py:157} INFO - Started process (PID=202) to work on /opt/airflow/dags/baby_dag.py
[2025-09-10T21:51:12.432+0000] {processor.py:829} INFO - Processing file /opt/airflow/dags/baby_dag.py for tasks to queue
[2025-09-10T21:51:12.433+0000] {logging_mixin.py:151} INFO - [2025-09-10T21:51:12.432+0000] {dagbag.py:539} INFO - Filling up the DagBag from /opt/airflow/dags/baby_dag.py
[2025-09-10T21:51:12.445+0000] {processor.py:839} INFO - DAG(s) dict_keys(['baby_pipeline']) retrieved from /opt/airflow/dags/baby_dag.py
[2025-09-10T21:51:12.467+0000] {logging_mixin.py:151} INFO - [2025-09-10T21:51:12.467+0000] {dag.py:2907} INFO - Sync 1 DAGs
[2025-09-10T21:51:12.476+0000] {logging_mixin.py:151} INFO - [2025-09-10T21:51:12.476+0000] {dag.py:3677} INFO - Setting next_dagrun for baby_pipeline to None, run_after=None
[2025-09-10T21:51:12.485+0000] {processor.py:179} INFO - Processing /opt/airflow/dags/baby_dag.py took 0.060 seconds
[2025-09-10T21:51:42.701+0000] {processor.py:157} INFO - Started process (PID=207) to work on /opt/airflow/dags/baby_dag.py
[2025-09-10T21:51:42.701+0000] {processor.py:829} INFO - Processing file /opt/airflow/dags/baby_dag.py for tasks to queue
[2025-09-10T21:51:42.702+0000] {logging_mixin.py:151} INFO - [2025-09-10T21:51:42.702+0000] {dagbag.py:539} INFO - Filling up the DagBag from /opt/airflow/dags/baby_dag.py
[2025-09-10T21:51:42.711+0000] {processor.py:839} INFO - DAG(s) dict_keys(['baby_pipeline']) retrieved from /opt/airflow/dags/baby_dag.py
[2025-09-10T21:51:42.726+0000] {logging_mixin.py:151} INFO - [2025-09-10T21:51:42.726+0000] {dag.py:2907} INFO - Sync 1 DAGs
[2025-09-10T21:51:42.733+0000] {logging_mixin.py:151} INFO - [2025-09-10T21:51:42.733+0000] {dag.py:3677} INFO - Setting next_dagrun for baby_pipeline to None, run_after=None
[2025-09-10T21:51:42.741+0000] {processor.py:179} INFO - Processing /opt/airflow/dags/baby_dag.py took 0.043 seconds
[2025-09-10T21:52:12.978+0000] {processor.py:157} INFO - Started process (PID=212) to work on /opt/airflow/dags/baby_dag.py
[2025-09-10T21:52:12.979+0000] {processor.py:829} INFO - Processing file /opt/airflow/dags/baby_dag.py for tasks to queue
[2025-09-10T21:52:12.979+0000] {logging_mixin.py:151} INFO - [2025-09-10T21:52:12.979+0000] {dagbag.py:539} INFO - Filling up the DagBag from /opt/airflow/dags/baby_dag.py
[2025-09-10T21:52:12.989+0000] {processor.py:839} INFO - DAG(s) dict_keys(['baby_pipeline']) retrieved from /opt/airflow/dags/baby_dag.py
[2025-09-10T21:52:13.007+0000] {logging_mixin.py:151} INFO - [2025-09-10T21:52:13.007+0000] {dag.py:2907} INFO - Sync 1 DAGs
[2025-09-10T21:52:13.013+0000] {logging_mixin.py:151} INFO - [2025-09-10T21:52:13.013+0000] {dag.py:3677} INFO - Setting next_dagrun for baby_pipeline to None, run_after=None
[2025-09-10T21:52:13.020+0000] {processor.py:179} INFO - Processing /opt/airflow/dags/baby_dag.py took 0.045 seconds
[2025-09-10T21:52:43.301+0000] {processor.py:157} INFO - Started process (PID=217) to work on /opt/airflow/dags/baby_dag.py
[2025-09-10T21:52:43.302+0000] {processor.py:829} INFO - Processing file /opt/airflow/dags/baby_dag.py for tasks to queue
[2025-09-10T21:52:43.303+0000] {logging_mixin.py:151} INFO - [2025-09-10T21:52:43.303+0000] {dagbag.py:539} INFO - Filling up the DagBag from /opt/airflow/dags/baby_dag.py
[2025-09-10T21:52:43.315+0000] {processor.py:839} INFO - DAG(s) dict_keys(['baby_pipeline']) retrieved from /opt/airflow/dags/baby_dag.py
[2025-09-10T21:52:43.335+0000] {logging_mixin.py:151} INFO - [2025-09-10T21:52:43.334+0000] {dag.py:2907} INFO - Sync 1 DAGs
[2025-09-10T21:52:43.341+0000] {logging_mixin.py:151} INFO - [2025-09-10T21:52:43.341+0000] {dag.py:3677} INFO - Setting next_dagrun for baby_pipeline to None, run_after=None
[2025-09-10T21:52:43.349+0000] {processor.py:179} INFO - Processing /opt/airflow/dags/baby_dag.py took 0.051 seconds
[2025-09-10T21:53:13.631+0000] {processor.py:157} INFO - Started process (PID=222) to work on /opt/airflow/dags/baby_dag.py
[2025-09-10T21:53:13.632+0000] {processor.py:829} INFO - Processing file /opt/airflow/dags/baby_dag.py for tasks to queue
[2025-09-10T21:53:13.633+0000] {logging_mixin.py:151} INFO - [2025-09-10T21:53:13.632+0000] {dagbag.py:539} INFO - Filling up the DagBag from /opt/airflow/dags/baby_dag.py
[2025-09-10T21:53:13.649+0000] {processor.py:839} INFO - DAG(s) dict_keys(['baby_pipeline']) retrieved from /opt/airflow/dags/baby_dag.py
[2025-09-10T21:53:13.673+0000] {logging_mixin.py:151} INFO - [2025-09-10T21:53:13.673+0000] {dag.py:2907} INFO - Sync 1 DAGs
[2025-09-10T21:53:13.681+0000] {logging_mixin.py:151} INFO - [2025-09-10T21:53:13.681+0000] {dag.py:3677} INFO - Setting next_dagrun for baby_pipeline to None, run_after=None
[2025-09-10T21:53:13.769+0000] {processor.py:179} INFO - Processing /opt/airflow/dags/baby_dag.py took 0.141 seconds
[2025-09-10T21:53:43.946+0000] {processor.py:157} INFO - Started process (PID=227) to work on /opt/airflow/dags/baby_dag.py
[2025-09-10T21:53:43.947+0000] {processor.py:829} INFO - Processing file /opt/airflow/dags/baby_dag.py for tasks to queue
[2025-09-10T21:53:43.948+0000] {logging_mixin.py:151} INFO - [2025-09-10T21:53:43.948+0000] {dagbag.py:539} INFO - Filling up the DagBag from /opt/airflow/dags/baby_dag.py
[2025-09-10T21:53:43.957+0000] {processor.py:839} INFO - DAG(s) dict_keys(['baby_pipeline']) retrieved from /opt/airflow/dags/baby_dag.py
[2025-09-10T21:53:43.975+0000] {logging_mixin.py:151} INFO - [2025-09-10T21:53:43.975+0000] {dag.py:2907} INFO - Sync 1 DAGs
[2025-09-10T21:53:44.031+0000] {logging_mixin.py:151} INFO - [2025-09-10T21:53:44.031+0000] {dag.py:3677} INFO - Setting next_dagrun for baby_pipeline to None, run_after=None
[2025-09-10T21:53:44.037+0000] {processor.py:179} INFO - Processing /opt/airflow/dags/baby_dag.py took 0.094 seconds
[2025-09-10T21:54:14.255+0000] {processor.py:157} INFO - Started process (PID=232) to work on /opt/airflow/dags/baby_dag.py
[2025-09-10T21:54:14.256+0000] {processor.py:829} INFO - Processing file /opt/airflow/dags/baby_dag.py for tasks to queue
[2025-09-10T21:54:14.257+0000] {logging_mixin.py:151} INFO - [2025-09-10T21:54:14.256+0000] {dagbag.py:539} INFO - Filling up the DagBag from /opt/airflow/dags/baby_dag.py
[2025-09-10T21:54:14.266+0000] {processor.py:839} INFO - DAG(s) dict_keys(['baby_pipeline']) retrieved from /opt/airflow/dags/baby_dag.py
[2025-09-10T21:54:14.350+0000] {logging_mixin.py:151} INFO - [2025-09-10T21:54:14.350+0000] {dag.py:2907} INFO - Sync 1 DAGs
[2025-09-10T21:54:14.358+0000] {logging_mixin.py:151} INFO - [2025-09-10T21:54:14.358+0000] {dag.py:3677} INFO - Setting next_dagrun for baby_pipeline to None, run_after=None
[2025-09-10T21:54:14.370+0000] {processor.py:179} INFO - Processing /opt/airflow/dags/baby_dag.py took 0.118 seconds
[2025-09-10T21:54:44.604+0000] {processor.py:157} INFO - Started process (PID=237) to work on /opt/airflow/dags/baby_dag.py
[2025-09-10T21:54:44.605+0000] {processor.py:829} INFO - Processing file /opt/airflow/dags/baby_dag.py for tasks to queue
[2025-09-10T21:54:44.606+0000] {logging_mixin.py:151} INFO - [2025-09-10T21:54:44.605+0000] {dagbag.py:539} INFO - Filling up the DagBag from /opt/airflow/dags/baby_dag.py
[2025-09-10T21:54:44.693+0000] {processor.py:839} INFO - DAG(s) dict_keys(['baby_pipeline']) retrieved from /opt/airflow/dags/baby_dag.py
[2025-09-10T21:54:44.705+0000] {logging_mixin.py:151} INFO - [2025-09-10T21:54:44.705+0000] {dag.py:2907} INFO - Sync 1 DAGs
[2025-09-10T21:54:44.711+0000] {logging_mixin.py:151} INFO - [2025-09-10T21:54:44.710+0000] {dag.py:3677} INFO - Setting next_dagrun for baby_pipeline to None, run_after=None
[2025-09-10T21:54:44.721+0000] {processor.py:179} INFO - Processing /opt/airflow/dags/baby_dag.py took 0.118 seconds
[2025-09-10T21:55:15.032+0000] {processor.py:157} INFO - Started process (PID=242) to work on /opt/airflow/dags/baby_dag.py
[2025-09-10T21:55:15.033+0000] {processor.py:829} INFO - Processing file /opt/airflow/dags/baby_dag.py for tasks to queue
[2025-09-10T21:55:15.033+0000] {logging_mixin.py:151} INFO - [2025-09-10T21:55:15.033+0000] {dagbag.py:539} INFO - Filling up the DagBag from /opt/airflow/dags/baby_dag.py
[2025-09-10T21:55:15.044+0000] {processor.py:839} INFO - DAG(s) dict_keys(['baby_pipeline']) retrieved from /opt/airflow/dags/baby_dag.py
[2025-09-10T21:55:15.063+0000] {logging_mixin.py:151} INFO - [2025-09-10T21:55:15.063+0000] {dag.py:2907} INFO - Sync 1 DAGs
[2025-09-10T21:55:15.069+0000] {logging_mixin.py:151} INFO - [2025-09-10T21:55:15.069+0000] {dag.py:3677} INFO - Setting next_dagrun for baby_pipeline to None, run_after=None
[2025-09-10T21:55:15.076+0000] {processor.py:179} INFO - Processing /opt/airflow/dags/baby_dag.py took 0.047 seconds
[2025-09-10T21:55:45.371+0000] {processor.py:157} INFO - Started process (PID=247) to work on /opt/airflow/dags/baby_dag.py
[2025-09-10T21:55:45.372+0000] {processor.py:829} INFO - Processing file /opt/airflow/dags/baby_dag.py for tasks to queue
[2025-09-10T21:55:45.373+0000] {logging_mixin.py:151} INFO - [2025-09-10T21:55:45.372+0000] {dagbag.py:539} INFO - Filling up the DagBag from /opt/airflow/dags/baby_dag.py
[2025-09-10T21:55:45.386+0000] {processor.py:839} INFO - DAG(s) dict_keys(['baby_pipeline']) retrieved from /opt/airflow/dags/baby_dag.py
[2025-09-10T21:55:45.422+0000] {logging_mixin.py:151} INFO - [2025-09-10T21:55:45.421+0000] {dag.py:2907} INFO - Sync 1 DAGs
[2025-09-10T21:55:45.434+0000] {logging_mixin.py:151} INFO - [2025-09-10T21:55:45.434+0000] {dag.py:3677} INFO - Setting next_dagrun for baby_pipeline to None, run_after=None
[2025-09-10T21:55:45.452+0000] {processor.py:179} INFO - Processing /opt/airflow/dags/baby_dag.py took 0.085 seconds
[2025-09-10T21:56:15.681+0000] {processor.py:157} INFO - Started process (PID=252) to work on /opt/airflow/dags/baby_dag.py
[2025-09-10T21:56:15.682+0000] {processor.py:829} INFO - Processing file /opt/airflow/dags/baby_dag.py for tasks to queue
[2025-09-10T21:56:15.683+0000] {logging_mixin.py:151} INFO - [2025-09-10T21:56:15.682+0000] {dagbag.py:539} INFO - Filling up the DagBag from /opt/airflow/dags/baby_dag.py
[2025-09-10T21:56:15.705+0000] {processor.py:839} INFO - DAG(s) dict_keys(['baby_pipeline']) retrieved from /opt/airflow/dags/baby_dag.py
[2025-09-10T21:56:15.734+0000] {logging_mixin.py:151} INFO - [2025-09-10T21:56:15.734+0000] {dag.py:2907} INFO - Sync 1 DAGs
[2025-09-10T21:56:15.743+0000] {logging_mixin.py:151} INFO - [2025-09-10T21:56:15.743+0000] {dag.py:3677} INFO - Setting next_dagrun for baby_pipeline to None, run_after=None
[2025-09-10T21:56:15.752+0000] {processor.py:179} INFO - Processing /opt/airflow/dags/baby_dag.py took 0.076 seconds
[2025-09-10T21:56:45.989+0000] {processor.py:157} INFO - Started process (PID=257) to work on /opt/airflow/dags/baby_dag.py
[2025-09-10T21:56:45.990+0000] {processor.py:829} INFO - Processing file /opt/airflow/dags/baby_dag.py for tasks to queue
[2025-09-10T21:56:45.991+0000] {logging_mixin.py:151} INFO - [2025-09-10T21:56:45.991+0000] {dagbag.py:539} INFO - Filling up the DagBag from /opt/airflow/dags/baby_dag.py
[2025-09-10T21:56:46.001+0000] {processor.py:839} INFO - DAG(s) dict_keys(['baby_pipeline']) retrieved from /opt/airflow/dags/baby_dag.py
[2025-09-10T21:56:46.020+0000] {logging_mixin.py:151} INFO - [2025-09-10T21:56:46.020+0000] {dag.py:2907} INFO - Sync 1 DAGs
[2025-09-10T21:56:46.026+0000] {logging_mixin.py:151} INFO - [2025-09-10T21:56:46.026+0000] {dag.py:3677} INFO - Setting next_dagrun for baby_pipeline to None, run_after=None
[2025-09-10T21:56:46.034+0000] {processor.py:179} INFO - Processing /opt/airflow/dags/baby_dag.py took 0.048 seconds
[2025-09-10T21:57:16.337+0000] {processor.py:157} INFO - Started process (PID=262) to work on /opt/airflow/dags/baby_dag.py
[2025-09-10T21:57:16.338+0000] {processor.py:829} INFO - Processing file /opt/airflow/dags/baby_dag.py for tasks to queue
[2025-09-10T21:57:16.339+0000] {logging_mixin.py:151} INFO - [2025-09-10T21:57:16.339+0000] {dagbag.py:539} INFO - Filling up the DagBag from /opt/airflow/dags/baby_dag.py
[2025-09-10T21:57:16.351+0000] {processor.py:839} INFO - DAG(s) dict_keys(['baby_pipeline']) retrieved from /opt/airflow/dags/baby_dag.py
[2025-09-10T21:57:16.371+0000] {logging_mixin.py:151} INFO - [2025-09-10T21:57:16.371+0000] {dag.py:2907} INFO - Sync 1 DAGs
[2025-09-10T21:57:16.378+0000] {logging_mixin.py:151} INFO - [2025-09-10T21:57:16.378+0000] {dag.py:3677} INFO - Setting next_dagrun for baby_pipeline to None, run_after=None
[2025-09-10T21:57:16.387+0000] {processor.py:179} INFO - Processing /opt/airflow/dags/baby_dag.py took 0.054 seconds
[2025-09-10T21:57:46.650+0000] {processor.py:157} INFO - Started process (PID=267) to work on /opt/airflow/dags/baby_dag.py
[2025-09-10T21:57:46.651+0000] {processor.py:829} INFO - Processing file /opt/airflow/dags/baby_dag.py for tasks to queue
[2025-09-10T21:57:46.652+0000] {logging_mixin.py:151} INFO - [2025-09-10T21:57:46.652+0000] {dagbag.py:539} INFO - Filling up the DagBag from /opt/airflow/dags/baby_dag.py
[2025-09-10T21:57:46.659+0000] {processor.py:839} INFO - DAG(s) dict_keys(['baby_pipeline']) retrieved from /opt/airflow/dags/baby_dag.py
[2025-09-10T21:57:46.676+0000] {logging_mixin.py:151} INFO - [2025-09-10T21:57:46.676+0000] {dag.py:2907} INFO - Sync 1 DAGs
[2025-09-10T21:57:46.683+0000] {logging_mixin.py:151} INFO - [2025-09-10T21:57:46.683+0000] {dag.py:3677} INFO - Setting next_dagrun for baby_pipeline to None, run_after=None
[2025-09-10T21:57:46.691+0000] {processor.py:179} INFO - Processing /opt/airflow/dags/baby_dag.py took 0.043 seconds
[2025-09-10T21:58:16.919+0000] {processor.py:157} INFO - Started process (PID=272) to work on /opt/airflow/dags/baby_dag.py
[2025-09-10T21:58:16.920+0000] {processor.py:829} INFO - Processing file /opt/airflow/dags/baby_dag.py for tasks to queue
[2025-09-10T21:58:16.921+0000] {logging_mixin.py:151} INFO - [2025-09-10T21:58:16.920+0000] {dagbag.py:539} INFO - Filling up the DagBag from /opt/airflow/dags/baby_dag.py
[2025-09-10T21:58:16.930+0000] {processor.py:839} INFO - DAG(s) dict_keys(['baby_pipeline']) retrieved from /opt/airflow/dags/baby_dag.py
[2025-09-10T21:58:16.947+0000] {logging_mixin.py:151} INFO - [2025-09-10T21:58:16.947+0000] {dag.py:2907} INFO - Sync 1 DAGs
[2025-09-10T21:58:16.952+0000] {logging_mixin.py:151} INFO - [2025-09-10T21:58:16.952+0000] {dag.py:3677} INFO - Setting next_dagrun for baby_pipeline to None, run_after=None
[2025-09-10T21:58:16.959+0000] {processor.py:179} INFO - Processing /opt/airflow/dags/baby_dag.py took 0.043 seconds
[2025-09-10T21:58:47.198+0000] {processor.py:157} INFO - Started process (PID=277) to work on /opt/airflow/dags/baby_dag.py
[2025-09-10T21:58:47.199+0000] {processor.py:829} INFO - Processing file /opt/airflow/dags/baby_dag.py for tasks to queue
[2025-09-10T21:58:47.199+0000] {logging_mixin.py:151} INFO - [2025-09-10T21:58:47.199+0000] {dagbag.py:539} INFO - Filling up the DagBag from /opt/airflow/dags/baby_dag.py
[2025-09-10T21:58:47.207+0000] {processor.py:839} INFO - DAG(s) dict_keys(['baby_pipeline']) retrieved from /opt/airflow/dags/baby_dag.py
[2025-09-10T21:58:47.222+0000] {logging_mixin.py:151} INFO - [2025-09-10T21:58:47.221+0000] {dag.py:2907} INFO - Sync 1 DAGs
[2025-09-10T21:58:47.227+0000] {logging_mixin.py:151} INFO - [2025-09-10T21:58:47.227+0000] {dag.py:3677} INFO - Setting next_dagrun for baby_pipeline to None, run_after=None
[2025-09-10T21:58:47.234+0000] {processor.py:179} INFO - Processing /opt/airflow/dags/baby_dag.py took 0.040 seconds
[2025-09-10T21:59:17.507+0000] {processor.py:157} INFO - Started process (PID=282) to work on /opt/airflow/dags/baby_dag.py
[2025-09-10T21:59:17.508+0000] {processor.py:829} INFO - Processing file /opt/airflow/dags/baby_dag.py for tasks to queue
[2025-09-10T21:59:17.509+0000] {logging_mixin.py:151} INFO - [2025-09-10T21:59:17.509+0000] {dagbag.py:539} INFO - Filling up the DagBag from /opt/airflow/dags/baby_dag.py
[2025-09-10T21:59:17.517+0000] {processor.py:839} INFO - DAG(s) dict_keys(['baby_pipeline']) retrieved from /opt/airflow/dags/baby_dag.py
[2025-09-10T21:59:17.532+0000] {logging_mixin.py:151} INFO - [2025-09-10T21:59:17.532+0000] {dag.py:2907} INFO - Sync 1 DAGs
[2025-09-10T21:59:17.538+0000] {logging_mixin.py:151} INFO - [2025-09-10T21:59:17.538+0000] {dag.py:3677} INFO - Setting next_dagrun for baby_pipeline to None, run_after=None
[2025-09-10T21:59:17.545+0000] {processor.py:179} INFO - Processing /opt/airflow/dags/baby_dag.py took 0.041 seconds
[2025-09-10T21:59:47.786+0000] {processor.py:157} INFO - Started process (PID=287) to work on /opt/airflow/dags/baby_dag.py
[2025-09-10T21:59:47.787+0000] {processor.py:829} INFO - Processing file /opt/airflow/dags/baby_dag.py for tasks to queue
[2025-09-10T21:59:47.787+0000] {logging_mixin.py:151} INFO - [2025-09-10T21:59:47.787+0000] {dagbag.py:539} INFO - Filling up the DagBag from /opt/airflow/dags/baby_dag.py
[2025-09-10T21:59:47.796+0000] {processor.py:839} INFO - DAG(s) dict_keys(['baby_pipeline']) retrieved from /opt/airflow/dags/baby_dag.py
[2025-09-10T21:59:47.812+0000] {logging_mixin.py:151} INFO - [2025-09-10T21:59:47.812+0000] {dag.py:2907} INFO - Sync 1 DAGs
[2025-09-10T21:59:47.818+0000] {logging_mixin.py:151} INFO - [2025-09-10T21:59:47.818+0000] {dag.py:3677} INFO - Setting next_dagrun for baby_pipeline to None, run_after=None
[2025-09-10T21:59:47.825+0000] {processor.py:179} INFO - Processing /opt/airflow/dags/baby_dag.py took 0.042 seconds
[2025-09-10T22:00:18.064+0000] {processor.py:157} INFO - Started process (PID=292) to work on /opt/airflow/dags/baby_dag.py
[2025-09-10T22:00:18.065+0000] {processor.py:829} INFO - Processing file /opt/airflow/dags/baby_dag.py for tasks to queue
[2025-09-10T22:00:18.065+0000] {logging_mixin.py:151} INFO - [2025-09-10T22:00:18.065+0000] {dagbag.py:539} INFO - Filling up the DagBag from /opt/airflow/dags/baby_dag.py
[2025-09-10T22:00:18.075+0000] {processor.py:839} INFO - DAG(s) dict_keys(['baby_pipeline']) retrieved from /opt/airflow/dags/baby_dag.py
[2025-09-10T22:00:18.092+0000] {logging_mixin.py:151} INFO - [2025-09-10T22:00:18.092+0000] {dag.py:2907} INFO - Sync 1 DAGs
[2025-09-10T22:00:18.099+0000] {logging_mixin.py:151} INFO - [2025-09-10T22:00:18.099+0000] {dag.py:3677} INFO - Setting next_dagrun for baby_pipeline to None, run_after=None
[2025-09-10T22:00:18.106+0000] {processor.py:179} INFO - Processing /opt/airflow/dags/baby_dag.py took 0.045 seconds
[2025-09-10T22:00:48.352+0000] {processor.py:157} INFO - Started process (PID=297) to work on /opt/airflow/dags/baby_dag.py
[2025-09-10T22:00:48.352+0000] {processor.py:829} INFO - Processing file /opt/airflow/dags/baby_dag.py for tasks to queue
[2025-09-10T22:00:48.353+0000] {logging_mixin.py:151} INFO - [2025-09-10T22:00:48.353+0000] {dagbag.py:539} INFO - Filling up the DagBag from /opt/airflow/dags/baby_dag.py
[2025-09-10T22:00:48.360+0000] {processor.py:839} INFO - DAG(s) dict_keys(['baby_pipeline']) retrieved from /opt/airflow/dags/baby_dag.py
[2025-09-10T22:00:48.374+0000] {logging_mixin.py:151} INFO - [2025-09-10T22:00:48.374+0000] {dag.py:2907} INFO - Sync 1 DAGs
[2025-09-10T22:00:48.380+0000] {logging_mixin.py:151} INFO - [2025-09-10T22:00:48.380+0000] {dag.py:3677} INFO - Setting next_dagrun for baby_pipeline to None, run_after=None
[2025-09-10T22:00:48.387+0000] {processor.py:179} INFO - Processing /opt/airflow/dags/baby_dag.py took 0.038 seconds
[2025-09-10T22:01:18.631+0000] {processor.py:157} INFO - Started process (PID=302) to work on /opt/airflow/dags/baby_dag.py
[2025-09-10T22:01:18.632+0000] {processor.py:829} INFO - Processing file /opt/airflow/dags/baby_dag.py for tasks to queue
[2025-09-10T22:01:18.632+0000] {logging_mixin.py:151} INFO - [2025-09-10T22:01:18.632+0000] {dagbag.py:539} INFO - Filling up the DagBag from /opt/airflow/dags/baby_dag.py
[2025-09-10T22:01:18.640+0000] {processor.py:839} INFO - DAG(s) dict_keys(['baby_pipeline']) retrieved from /opt/airflow/dags/baby_dag.py
[2025-09-10T22:01:18.655+0000] {logging_mixin.py:151} INFO - [2025-09-10T22:01:18.654+0000] {dag.py:2907} INFO - Sync 1 DAGs
[2025-09-10T22:01:18.660+0000] {logging_mixin.py:151} INFO - [2025-09-10T22:01:18.660+0000] {dag.py:3677} INFO - Setting next_dagrun for baby_pipeline to None, run_after=None
[2025-09-10T22:01:18.668+0000] {processor.py:179} INFO - Processing /opt/airflow/dags/baby_dag.py took 0.039 seconds
[2025-09-10T22:01:48.947+0000] {processor.py:157} INFO - Started process (PID=307) to work on /opt/airflow/dags/baby_dag.py
[2025-09-10T22:01:48.947+0000] {processor.py:829} INFO - Processing file /opt/airflow/dags/baby_dag.py for tasks to queue
[2025-09-10T22:01:48.948+0000] {logging_mixin.py:151} INFO - [2025-09-10T22:01:48.948+0000] {dagbag.py:539} INFO - Filling up the DagBag from /opt/airflow/dags/baby_dag.py
[2025-09-10T22:01:48.959+0000] {processor.py:839} INFO - DAG(s) dict_keys(['baby_pipeline']) retrieved from /opt/airflow/dags/baby_dag.py
[2025-09-10T22:01:48.978+0000] {logging_mixin.py:151} INFO - [2025-09-10T22:01:48.978+0000] {dag.py:2907} INFO - Sync 1 DAGs
[2025-09-10T22:01:48.985+0000] {logging_mixin.py:151} INFO - [2025-09-10T22:01:48.985+0000] {dag.py:3677} INFO - Setting next_dagrun for baby_pipeline to None, run_after=None
[2025-09-10T22:01:48.993+0000] {processor.py:179} INFO - Processing /opt/airflow/dags/baby_dag.py took 0.050 seconds
[2025-09-10T22:02:19.188+0000] {processor.py:157} INFO - Started process (PID=312) to work on /opt/airflow/dags/baby_dag.py
[2025-09-10T22:02:19.188+0000] {processor.py:829} INFO - Processing file /opt/airflow/dags/baby_dag.py for tasks to queue
[2025-09-10T22:02:19.189+0000] {logging_mixin.py:151} INFO - [2025-09-10T22:02:19.189+0000] {dagbag.py:539} INFO - Filling up the DagBag from /opt/airflow/dags/baby_dag.py
[2025-09-10T22:02:19.198+0000] {processor.py:839} INFO - DAG(s) dict_keys(['baby_pipeline']) retrieved from /opt/airflow/dags/baby_dag.py
[2025-09-10T22:02:19.215+0000] {logging_mixin.py:151} INFO - [2025-09-10T22:02:19.215+0000] {dag.py:2907} INFO - Sync 1 DAGs
[2025-09-10T22:02:19.221+0000] {logging_mixin.py:151} INFO - [2025-09-10T22:02:19.221+0000] {dag.py:3677} INFO - Setting next_dagrun for baby_pipeline to None, run_after=None
[2025-09-10T22:02:19.229+0000] {processor.py:179} INFO - Processing /opt/airflow/dags/baby_dag.py took 0.045 seconds
[2025-09-10T22:02:49.492+0000] {processor.py:157} INFO - Started process (PID=317) to work on /opt/airflow/dags/baby_dag.py
[2025-09-10T22:02:49.493+0000] {processor.py:829} INFO - Processing file /opt/airflow/dags/baby_dag.py for tasks to queue
[2025-09-10T22:02:49.493+0000] {logging_mixin.py:151} INFO - [2025-09-10T22:02:49.493+0000] {dagbag.py:539} INFO - Filling up the DagBag from /opt/airflow/dags/baby_dag.py
[2025-09-10T22:02:49.501+0000] {processor.py:839} INFO - DAG(s) dict_keys(['baby_pipeline']) retrieved from /opt/airflow/dags/baby_dag.py
[2025-09-10T22:02:49.515+0000] {logging_mixin.py:151} INFO - [2025-09-10T22:02:49.515+0000] {dag.py:2907} INFO - Sync 1 DAGs
[2025-09-10T22:02:49.521+0000] {logging_mixin.py:151} INFO - [2025-09-10T22:02:49.521+0000] {dag.py:3677} INFO - Setting next_dagrun for baby_pipeline to None, run_after=None
[2025-09-10T22:02:49.529+0000] {processor.py:179} INFO - Processing /opt/airflow/dags/baby_dag.py took 0.040 seconds
[2025-09-10T22:03:19.790+0000] {processor.py:157} INFO - Started process (PID=322) to work on /opt/airflow/dags/baby_dag.py
[2025-09-10T22:03:19.791+0000] {processor.py:829} INFO - Processing file /opt/airflow/dags/baby_dag.py for tasks to queue
[2025-09-10T22:03:19.792+0000] {logging_mixin.py:151} INFO - [2025-09-10T22:03:19.791+0000] {dagbag.py:539} INFO - Filling up the DagBag from /opt/airflow/dags/baby_dag.py
[2025-09-10T22:03:19.801+0000] {processor.py:839} INFO - DAG(s) dict_keys(['baby_pipeline']) retrieved from /opt/airflow/dags/baby_dag.py
[2025-09-10T22:03:19.817+0000] {logging_mixin.py:151} INFO - [2025-09-10T22:03:19.817+0000] {dag.py:2907} INFO - Sync 1 DAGs
[2025-09-10T22:03:19.823+0000] {logging_mixin.py:151} INFO - [2025-09-10T22:03:19.823+0000] {dag.py:3677} INFO - Setting next_dagrun for baby_pipeline to None, run_after=None
[2025-09-10T22:03:19.829+0000] {processor.py:179} INFO - Processing /opt/airflow/dags/baby_dag.py took 0.042 seconds
[2025-09-10T22:03:50.112+0000] {processor.py:157} INFO - Started process (PID=327) to work on /opt/airflow/dags/baby_dag.py
[2025-09-10T22:03:50.113+0000] {processor.py:829} INFO - Processing file /opt/airflow/dags/baby_dag.py for tasks to queue
[2025-09-10T22:03:50.114+0000] {logging_mixin.py:151} INFO - [2025-09-10T22:03:50.114+0000] {dagbag.py:539} INFO - Filling up the DagBag from /opt/airflow/dags/baby_dag.py
[2025-09-10T22:03:50.126+0000] {processor.py:839} INFO - DAG(s) dict_keys(['baby_pipeline']) retrieved from /opt/airflow/dags/baby_dag.py
[2025-09-10T22:03:50.149+0000] {logging_mixin.py:151} INFO - [2025-09-10T22:03:50.148+0000] {dag.py:2907} INFO - Sync 1 DAGs
[2025-09-10T22:03:50.156+0000] {logging_mixin.py:151} INFO - [2025-09-10T22:03:50.156+0000] {dag.py:3677} INFO - Setting next_dagrun for baby_pipeline to None, run_after=None
[2025-09-10T22:03:50.166+0000] {processor.py:179} INFO - Processing /opt/airflow/dags/baby_dag.py took 0.057 seconds
[2025-09-10T22:04:20.427+0000] {processor.py:157} INFO - Started process (PID=332) to work on /opt/airflow/dags/baby_dag.py
[2025-09-10T22:04:20.427+0000] {processor.py:829} INFO - Processing file /opt/airflow/dags/baby_dag.py for tasks to queue
[2025-09-10T22:04:20.428+0000] {logging_mixin.py:151} INFO - [2025-09-10T22:04:20.428+0000] {dagbag.py:539} INFO - Filling up the DagBag from /opt/airflow/dags/baby_dag.py
[2025-09-10T22:04:20.437+0000] {processor.py:839} INFO - DAG(s) dict_keys(['baby_pipeline']) retrieved from /opt/airflow/dags/baby_dag.py
[2025-09-10T22:04:20.457+0000] {logging_mixin.py:151} INFO - [2025-09-10T22:04:20.457+0000] {dag.py:2907} INFO - Sync 1 DAGs
[2025-09-10T22:04:20.463+0000] {logging_mixin.py:151} INFO - [2025-09-10T22:04:20.463+0000] {dag.py:3677} INFO - Setting next_dagrun for baby_pipeline to None, run_after=None
[2025-09-10T22:04:20.472+0000] {processor.py:179} INFO - Processing /opt/airflow/dags/baby_dag.py took 0.048 seconds
[2025-09-10T22:04:50.752+0000] {processor.py:157} INFO - Started process (PID=337) to work on /opt/airflow/dags/baby_dag.py
[2025-09-10T22:04:50.753+0000] {processor.py:829} INFO - Processing file /opt/airflow/dags/baby_dag.py for tasks to queue
[2025-09-10T22:04:50.754+0000] {logging_mixin.py:151} INFO - [2025-09-10T22:04:50.753+0000] {dagbag.py:539} INFO - Filling up the DagBag from /opt/airflow/dags/baby_dag.py
[2025-09-10T22:04:50.764+0000] {processor.py:839} INFO - DAG(s) dict_keys(['baby_pipeline']) retrieved from /opt/airflow/dags/baby_dag.py
[2025-09-10T22:04:50.782+0000] {logging_mixin.py:151} INFO - [2025-09-10T22:04:50.782+0000] {dag.py:2907} INFO - Sync 1 DAGs
[2025-09-10T22:04:50.790+0000] {logging_mixin.py:151} INFO - [2025-09-10T22:04:50.790+0000] {dag.py:3677} INFO - Setting next_dagrun for baby_pipeline to None, run_after=None
[2025-09-10T22:04:50.797+0000] {processor.py:179} INFO - Processing /opt/airflow/dags/baby_dag.py took 0.049 seconds
[2025-09-10T22:05:21.078+0000] {processor.py:157} INFO - Started process (PID=342) to work on /opt/airflow/dags/baby_dag.py
[2025-09-10T22:05:21.078+0000] {processor.py:829} INFO - Processing file /opt/airflow/dags/baby_dag.py for tasks to queue
[2025-09-10T22:05:21.079+0000] {logging_mixin.py:151} INFO - [2025-09-10T22:05:21.079+0000] {dagbag.py:539} INFO - Filling up the DagBag from /opt/airflow/dags/baby_dag.py
[2025-09-10T22:05:21.088+0000] {processor.py:839} INFO - DAG(s) dict_keys(['baby_pipeline']) retrieved from /opt/airflow/dags/baby_dag.py
[2025-09-10T22:05:21.106+0000] {logging_mixin.py:151} INFO - [2025-09-10T22:05:21.106+0000] {dag.py:2907} INFO - Sync 1 DAGs
[2025-09-10T22:05:21.111+0000] {logging_mixin.py:151} INFO - [2025-09-10T22:05:21.111+0000] {dag.py:3677} INFO - Setting next_dagrun for baby_pipeline to None, run_after=None
[2025-09-10T22:05:21.118+0000] {processor.py:179} INFO - Processing /opt/airflow/dags/baby_dag.py took 0.045 seconds
[2025-09-10T22:05:51.374+0000] {processor.py:157} INFO - Started process (PID=347) to work on /opt/airflow/dags/baby_dag.py
[2025-09-10T22:05:51.374+0000] {processor.py:829} INFO - Processing file /opt/airflow/dags/baby_dag.py for tasks to queue
[2025-09-10T22:05:51.375+0000] {logging_mixin.py:151} INFO - [2025-09-10T22:05:51.375+0000] {dagbag.py:539} INFO - Filling up the DagBag from /opt/airflow/dags/baby_dag.py
[2025-09-10T22:05:51.384+0000] {processor.py:839} INFO - DAG(s) dict_keys(['baby_pipeline']) retrieved from /opt/airflow/dags/baby_dag.py
[2025-09-10T22:05:51.402+0000] {logging_mixin.py:151} INFO - [2025-09-10T22:05:51.401+0000] {dag.py:2907} INFO - Sync 1 DAGs
[2025-09-10T22:05:51.407+0000] {logging_mixin.py:151} INFO - [2025-09-10T22:05:51.407+0000] {dag.py:3677} INFO - Setting next_dagrun for baby_pipeline to None, run_after=None
[2025-09-10T22:05:51.414+0000] {processor.py:179} INFO - Processing /opt/airflow/dags/baby_dag.py took 0.044 seconds
[2025-09-10T22:06:21.722+0000] {processor.py:157} INFO - Started process (PID=352) to work on /opt/airflow/dags/baby_dag.py
[2025-09-10T22:06:21.722+0000] {processor.py:829} INFO - Processing file /opt/airflow/dags/baby_dag.py for tasks to queue
[2025-09-10T22:06:21.723+0000] {logging_mixin.py:151} INFO - [2025-09-10T22:06:21.723+0000] {dagbag.py:539} INFO - Filling up the DagBag from /opt/airflow/dags/baby_dag.py
[2025-09-10T22:06:21.733+0000] {processor.py:839} INFO - DAG(s) dict_keys(['baby_pipeline']) retrieved from /opt/airflow/dags/baby_dag.py
[2025-09-10T22:06:21.750+0000] {logging_mixin.py:151} INFO - [2025-09-10T22:06:21.750+0000] {dag.py:2907} INFO - Sync 1 DAGs
[2025-09-10T22:06:21.756+0000] {logging_mixin.py:151} INFO - [2025-09-10T22:06:21.755+0000] {dag.py:3677} INFO - Setting next_dagrun for baby_pipeline to None, run_after=None
[2025-09-10T22:06:21.763+0000] {processor.py:179} INFO - Processing /opt/airflow/dags/baby_dag.py took 0.044 seconds
[2025-09-10T22:06:52.059+0000] {processor.py:157} INFO - Started process (PID=357) to work on /opt/airflow/dags/baby_dag.py
[2025-09-10T22:06:52.060+0000] {processor.py:829} INFO - Processing file /opt/airflow/dags/baby_dag.py for tasks to queue
[2025-09-10T22:06:52.061+0000] {logging_mixin.py:151} INFO - [2025-09-10T22:06:52.061+0000] {dagbag.py:539} INFO - Filling up the DagBag from /opt/airflow/dags/baby_dag.py
[2025-09-10T22:06:52.073+0000] {processor.py:839} INFO - DAG(s) dict_keys(['baby_pipeline']) retrieved from /opt/airflow/dags/baby_dag.py
[2025-09-10T22:06:52.091+0000] {logging_mixin.py:151} INFO - [2025-09-10T22:06:52.091+0000] {dag.py:2907} INFO - Sync 1 DAGs
[2025-09-10T22:06:52.098+0000] {logging_mixin.py:151} INFO - [2025-09-10T22:06:52.097+0000] {dag.py:3677} INFO - Setting next_dagrun for baby_pipeline to None, run_after=None
[2025-09-10T22:06:52.105+0000] {processor.py:179} INFO - Processing /opt/airflow/dags/baby_dag.py took 0.049 seconds
[2025-09-10T22:07:22.400+0000] {processor.py:157} INFO - Started process (PID=362) to work on /opt/airflow/dags/baby_dag.py
[2025-09-10T22:07:22.401+0000] {processor.py:829} INFO - Processing file /opt/airflow/dags/baby_dag.py for tasks to queue
[2025-09-10T22:07:22.402+0000] {logging_mixin.py:151} INFO - [2025-09-10T22:07:22.402+0000] {dagbag.py:539} INFO - Filling up the DagBag from /opt/airflow/dags/baby_dag.py
[2025-09-10T22:07:22.414+0000] {processor.py:839} INFO - DAG(s) dict_keys(['baby_pipeline']) retrieved from /opt/airflow/dags/baby_dag.py
[2025-09-10T22:07:22.439+0000] {logging_mixin.py:151} INFO - [2025-09-10T22:07:22.439+0000] {dag.py:2907} INFO - Sync 1 DAGs
[2025-09-10T22:07:22.447+0000] {logging_mixin.py:151} INFO - [2025-09-10T22:07:22.447+0000] {dag.py:3677} INFO - Setting next_dagrun for baby_pipeline to None, run_after=None
[2025-09-10T22:07:22.457+0000] {processor.py:179} INFO - Processing /opt/airflow/dags/baby_dag.py took 0.062 seconds
[2025-09-10T22:07:52.765+0000] {processor.py:157} INFO - Started process (PID=367) to work on /opt/airflow/dags/baby_dag.py
[2025-09-10T22:07:52.766+0000] {processor.py:829} INFO - Processing file /opt/airflow/dags/baby_dag.py for tasks to queue
[2025-09-10T22:07:52.767+0000] {logging_mixin.py:151} INFO - [2025-09-10T22:07:52.766+0000] {dagbag.py:539} INFO - Filling up the DagBag from /opt/airflow/dags/baby_dag.py
[2025-09-10T22:07:52.776+0000] {processor.py:839} INFO - DAG(s) dict_keys(['baby_pipeline']) retrieved from /opt/airflow/dags/baby_dag.py
[2025-09-10T22:07:52.794+0000] {logging_mixin.py:151} INFO - [2025-09-10T22:07:52.794+0000] {dag.py:2907} INFO - Sync 1 DAGs
[2025-09-10T22:07:52.800+0000] {logging_mixin.py:151} INFO - [2025-09-10T22:07:52.800+0000] {dag.py:3677} INFO - Setting next_dagrun for baby_pipeline to None, run_after=None
[2025-09-10T22:07:52.807+0000] {processor.py:179} INFO - Processing /opt/airflow/dags/baby_dag.py took 0.045 seconds
[2025-09-10T22:08:23.083+0000] {processor.py:157} INFO - Started process (PID=372) to work on /opt/airflow/dags/baby_dag.py
[2025-09-10T22:08:23.084+0000] {processor.py:829} INFO - Processing file /opt/airflow/dags/baby_dag.py for tasks to queue
[2025-09-10T22:08:23.085+0000] {logging_mixin.py:151} INFO - [2025-09-10T22:08:23.084+0000] {dagbag.py:539} INFO - Filling up the DagBag from /opt/airflow/dags/baby_dag.py
[2025-09-10T22:08:23.096+0000] {processor.py:839} INFO - DAG(s) dict_keys(['baby_pipeline']) retrieved from /opt/airflow/dags/baby_dag.py
[2025-09-10T22:08:23.118+0000] {logging_mixin.py:151} INFO - [2025-09-10T22:08:23.118+0000] {dag.py:2907} INFO - Sync 1 DAGs
[2025-09-10T22:08:23.124+0000] {logging_mixin.py:151} INFO - [2025-09-10T22:08:23.124+0000] {dag.py:3677} INFO - Setting next_dagrun for baby_pipeline to None, run_after=None
[2025-09-10T22:08:23.133+0000] {processor.py:179} INFO - Processing /opt/airflow/dags/baby_dag.py took 0.054 seconds
[2025-09-10T22:08:53.426+0000] {processor.py:157} INFO - Started process (PID=377) to work on /opt/airflow/dags/baby_dag.py
[2025-09-10T22:08:53.427+0000] {processor.py:829} INFO - Processing file /opt/airflow/dags/baby_dag.py for tasks to queue
[2025-09-10T22:08:53.428+0000] {logging_mixin.py:151} INFO - [2025-09-10T22:08:53.428+0000] {dagbag.py:539} INFO - Filling up the DagBag from /opt/airflow/dags/baby_dag.py
[2025-09-10T22:08:53.441+0000] {processor.py:839} INFO - DAG(s) dict_keys(['baby_pipeline']) retrieved from /opt/airflow/dags/baby_dag.py
[2025-09-10T22:08:53.463+0000] {logging_mixin.py:151} INFO - [2025-09-10T22:08:53.463+0000] {dag.py:2907} INFO - Sync 1 DAGs
[2025-09-10T22:08:53.471+0000] {logging_mixin.py:151} INFO - [2025-09-10T22:08:53.471+0000] {dag.py:3677} INFO - Setting next_dagrun for baby_pipeline to None, run_after=None
[2025-09-10T22:08:53.480+0000] {processor.py:179} INFO - Processing /opt/airflow/dags/baby_dag.py took 0.057 seconds
[2025-09-10T22:09:23.763+0000] {processor.py:157} INFO - Started process (PID=382) to work on /opt/airflow/dags/baby_dag.py
[2025-09-10T22:09:23.764+0000] {processor.py:829} INFO - Processing file /opt/airflow/dags/baby_dag.py for tasks to queue
[2025-09-10T22:09:23.764+0000] {logging_mixin.py:151} INFO - [2025-09-10T22:09:23.764+0000] {dagbag.py:539} INFO - Filling up the DagBag from /opt/airflow/dags/baby_dag.py
[2025-09-10T22:09:23.774+0000] {processor.py:839} INFO - DAG(s) dict_keys(['baby_pipeline']) retrieved from /opt/airflow/dags/baby_dag.py
[2025-09-10T22:09:23.791+0000] {logging_mixin.py:151} INFO - [2025-09-10T22:09:23.791+0000] {dag.py:2907} INFO - Sync 1 DAGs
[2025-09-10T22:09:23.797+0000] {logging_mixin.py:151} INFO - [2025-09-10T22:09:23.797+0000] {dag.py:3677} INFO - Setting next_dagrun for baby_pipeline to None, run_after=None
[2025-09-10T22:09:23.804+0000] {processor.py:179} INFO - Processing /opt/airflow/dags/baby_dag.py took 0.045 seconds
[2025-09-10T22:09:54.083+0000] {processor.py:157} INFO - Started process (PID=387) to work on /opt/airflow/dags/baby_dag.py
[2025-09-10T22:09:54.083+0000] {processor.py:829} INFO - Processing file /opt/airflow/dags/baby_dag.py for tasks to queue
[2025-09-10T22:09:54.084+0000] {logging_mixin.py:151} INFO - [2025-09-10T22:09:54.084+0000] {dagbag.py:539} INFO - Filling up the DagBag from /opt/airflow/dags/baby_dag.py
[2025-09-10T22:09:54.097+0000] {processor.py:839} INFO - DAG(s) dict_keys(['baby_pipeline']) retrieved from /opt/airflow/dags/baby_dag.py
[2025-09-10T22:09:54.118+0000] {logging_mixin.py:151} INFO - [2025-09-10T22:09:54.118+0000] {dag.py:2907} INFO - Sync 1 DAGs
[2025-09-10T22:09:54.125+0000] {logging_mixin.py:151} INFO - [2025-09-10T22:09:54.125+0000] {dag.py:3677} INFO - Setting next_dagrun for baby_pipeline to None, run_after=None
[2025-09-10T22:09:54.132+0000] {processor.py:179} INFO - Processing /opt/airflow/dags/baby_dag.py took 0.053 seconds
[2025-09-10T22:10:24.375+0000] {processor.py:157} INFO - Started process (PID=392) to work on /opt/airflow/dags/baby_dag.py
[2025-09-10T22:10:24.376+0000] {processor.py:829} INFO - Processing file /opt/airflow/dags/baby_dag.py for tasks to queue
[2025-09-10T22:10:24.376+0000] {logging_mixin.py:151} INFO - [2025-09-10T22:10:24.376+0000] {dagbag.py:539} INFO - Filling up the DagBag from /opt/airflow/dags/baby_dag.py
[2025-09-10T22:10:24.386+0000] {processor.py:839} INFO - DAG(s) dict_keys(['baby_pipeline']) retrieved from /opt/airflow/dags/baby_dag.py
[2025-09-10T22:10:24.402+0000] {logging_mixin.py:151} INFO - [2025-09-10T22:10:24.402+0000] {dag.py:2907} INFO - Sync 1 DAGs
[2025-09-10T22:10:24.409+0000] {logging_mixin.py:151} INFO - [2025-09-10T22:10:24.409+0000] {dag.py:3677} INFO - Setting next_dagrun for baby_pipeline to None, run_after=None
[2025-09-10T22:10:24.415+0000] {processor.py:179} INFO - Processing /opt/airflow/dags/baby_dag.py took 0.044 seconds
[2025-09-10T22:10:54.661+0000] {processor.py:157} INFO - Started process (PID=397) to work on /opt/airflow/dags/baby_dag.py
[2025-09-10T22:10:54.662+0000] {processor.py:829} INFO - Processing file /opt/airflow/dags/baby_dag.py for tasks to queue
[2025-09-10T22:10:54.663+0000] {logging_mixin.py:151} INFO - [2025-09-10T22:10:54.662+0000] {dagbag.py:539} INFO - Filling up the DagBag from /opt/airflow/dags/baby_dag.py
[2025-09-10T22:10:54.671+0000] {processor.py:839} INFO - DAG(s) dict_keys(['baby_pipeline']) retrieved from /opt/airflow/dags/baby_dag.py
[2025-09-10T22:10:54.686+0000] {logging_mixin.py:151} INFO - [2025-09-10T22:10:54.685+0000] {dag.py:2907} INFO - Sync 1 DAGs
[2025-09-10T22:10:54.692+0000] {logging_mixin.py:151} INFO - [2025-09-10T22:10:54.692+0000] {dag.py:3677} INFO - Setting next_dagrun for baby_pipeline to None, run_after=None
[2025-09-10T22:10:54.699+0000] {processor.py:179} INFO - Processing /opt/airflow/dags/baby_dag.py took 0.041 seconds
[2025-09-10T22:11:24.911+0000] {processor.py:157} INFO - Started process (PID=402) to work on /opt/airflow/dags/baby_dag.py
[2025-09-10T22:11:24.912+0000] {processor.py:829} INFO - Processing file /opt/airflow/dags/baby_dag.py for tasks to queue
[2025-09-10T22:11:24.912+0000] {logging_mixin.py:151} INFO - [2025-09-10T22:11:24.912+0000] {dagbag.py:539} INFO - Filling up the DagBag from /opt/airflow/dags/baby_dag.py
[2025-09-10T22:11:24.918+0000] {processor.py:839} INFO - DAG(s) dict_keys(['baby_pipeline']) retrieved from /opt/airflow/dags/baby_dag.py
[2025-09-10T22:11:24.931+0000] {logging_mixin.py:151} INFO - [2025-09-10T22:11:24.931+0000] {dag.py:2907} INFO - Sync 1 DAGs
[2025-09-10T22:11:24.938+0000] {logging_mixin.py:151} INFO - [2025-09-10T22:11:24.938+0000] {dag.py:3677} INFO - Setting next_dagrun for baby_pipeline to None, run_after=None
[2025-09-10T22:11:24.946+0000] {processor.py:179} INFO - Processing /opt/airflow/dags/baby_dag.py took 0.036 seconds
[2025-09-10T22:11:55.189+0000] {processor.py:157} INFO - Started process (PID=407) to work on /opt/airflow/dags/baby_dag.py
[2025-09-10T22:11:55.190+0000] {processor.py:829} INFO - Processing file /opt/airflow/dags/baby_dag.py for tasks to queue
[2025-09-10T22:11:55.191+0000] {logging_mixin.py:151} INFO - [2025-09-10T22:11:55.190+0000] {dagbag.py:539} INFO - Filling up the DagBag from /opt/airflow/dags/baby_dag.py
[2025-09-10T22:11:55.203+0000] {processor.py:839} INFO - DAG(s) dict_keys(['baby_pipeline']) retrieved from /opt/airflow/dags/baby_dag.py
[2025-09-10T22:11:55.222+0000] {logging_mixin.py:151} INFO - [2025-09-10T22:11:55.222+0000] {dag.py:2907} INFO - Sync 1 DAGs
[2025-09-10T22:11:55.229+0000] {logging_mixin.py:151} INFO - [2025-09-10T22:11:55.229+0000] {dag.py:3677} INFO - Setting next_dagrun for baby_pipeline to None, run_after=None
[2025-09-10T22:11:55.237+0000] {processor.py:179} INFO - Processing /opt/airflow/dags/baby_dag.py took 0.052 seconds
[2025-09-10T22:12:25.460+0000] {processor.py:157} INFO - Started process (PID=412) to work on /opt/airflow/dags/baby_dag.py
[2025-09-10T22:12:25.461+0000] {processor.py:829} INFO - Processing file /opt/airflow/dags/baby_dag.py for tasks to queue
[2025-09-10T22:12:25.461+0000] {logging_mixin.py:151} INFO - [2025-09-10T22:12:25.461+0000] {dagbag.py:539} INFO - Filling up the DagBag from /opt/airflow/dags/baby_dag.py
[2025-09-10T22:12:25.470+0000] {processor.py:839} INFO - DAG(s) dict_keys(['baby_pipeline']) retrieved from /opt/airflow/dags/baby_dag.py
[2025-09-10T22:12:25.489+0000] {logging_mixin.py:151} INFO - [2025-09-10T22:12:25.489+0000] {dag.py:2907} INFO - Sync 1 DAGs
[2025-09-10T22:12:25.496+0000] {logging_mixin.py:151} INFO - [2025-09-10T22:12:25.496+0000] {dag.py:3677} INFO - Setting next_dagrun for baby_pipeline to None, run_after=None
[2025-09-10T22:12:25.504+0000] {processor.py:179} INFO - Processing /opt/airflow/dags/baby_dag.py took 0.048 seconds
[2025-09-10T22:12:55.745+0000] {processor.py:157} INFO - Started process (PID=417) to work on /opt/airflow/dags/baby_dag.py
[2025-09-10T22:12:55.746+0000] {processor.py:829} INFO - Processing file /opt/airflow/dags/baby_dag.py for tasks to queue
[2025-09-10T22:12:55.747+0000] {logging_mixin.py:151} INFO - [2025-09-10T22:12:55.747+0000] {dagbag.py:539} INFO - Filling up the DagBag from /opt/airflow/dags/baby_dag.py
[2025-09-10T22:12:55.756+0000] {processor.py:839} INFO - DAG(s) dict_keys(['baby_pipeline']) retrieved from /opt/airflow/dags/baby_dag.py
[2025-09-10T22:12:55.772+0000] {logging_mixin.py:151} INFO - [2025-09-10T22:12:55.771+0000] {dag.py:2907} INFO - Sync 1 DAGs
[2025-09-10T22:12:55.777+0000] {logging_mixin.py:151} INFO - [2025-09-10T22:12:55.777+0000] {dag.py:3677} INFO - Setting next_dagrun for baby_pipeline to None, run_after=None
[2025-09-10T22:12:55.785+0000] {processor.py:179} INFO - Processing /opt/airflow/dags/baby_dag.py took 0.043 seconds
[2025-09-10T22:13:26.034+0000] {processor.py:157} INFO - Started process (PID=422) to work on /opt/airflow/dags/baby_dag.py
[2025-09-10T22:13:26.035+0000] {processor.py:829} INFO - Processing file /opt/airflow/dags/baby_dag.py for tasks to queue
[2025-09-10T22:13:26.036+0000] {logging_mixin.py:151} INFO - [2025-09-10T22:13:26.036+0000] {dagbag.py:539} INFO - Filling up the DagBag from /opt/airflow/dags/baby_dag.py
[2025-09-10T22:13:26.046+0000] {processor.py:839} INFO - DAG(s) dict_keys(['baby_pipeline']) retrieved from /opt/airflow/dags/baby_dag.py
[2025-09-10T22:13:26.067+0000] {logging_mixin.py:151} INFO - [2025-09-10T22:13:26.067+0000] {dag.py:2907} INFO - Sync 1 DAGs
[2025-09-10T22:13:26.076+0000] {logging_mixin.py:151} INFO - [2025-09-10T22:13:26.076+0000] {dag.py:3677} INFO - Setting next_dagrun for baby_pipeline to None, run_after=None
[2025-09-10T22:13:26.086+0000] {processor.py:179} INFO - Processing /opt/airflow/dags/baby_dag.py took 0.054 seconds
[2025-09-10T22:13:56.323+0000] {processor.py:157} INFO - Started process (PID=427) to work on /opt/airflow/dags/baby_dag.py
[2025-09-10T22:13:56.323+0000] {processor.py:829} INFO - Processing file /opt/airflow/dags/baby_dag.py for tasks to queue
[2025-09-10T22:13:56.324+0000] {logging_mixin.py:151} INFO - [2025-09-10T22:13:56.324+0000] {dagbag.py:539} INFO - Filling up the DagBag from /opt/airflow/dags/baby_dag.py
[2025-09-10T22:13:56.333+0000] {processor.py:839} INFO - DAG(s) dict_keys(['baby_pipeline']) retrieved from /opt/airflow/dags/baby_dag.py
[2025-09-10T22:13:56.349+0000] {logging_mixin.py:151} INFO - [2025-09-10T22:13:56.349+0000] {dag.py:2907} INFO - Sync 1 DAGs
[2025-09-10T22:13:56.355+0000] {logging_mixin.py:151} INFO - [2025-09-10T22:13:56.355+0000] {dag.py:3677} INFO - Setting next_dagrun for baby_pipeline to None, run_after=None
[2025-09-10T22:13:56.361+0000] {processor.py:179} INFO - Processing /opt/airflow/dags/baby_dag.py took 0.041 seconds
[2025-09-10T22:14:26.631+0000] {processor.py:157} INFO - Started process (PID=432) to work on /opt/airflow/dags/baby_dag.py
[2025-09-10T22:14:26.632+0000] {processor.py:829} INFO - Processing file /opt/airflow/dags/baby_dag.py for tasks to queue
[2025-09-10T22:14:26.633+0000] {logging_mixin.py:151} INFO - [2025-09-10T22:14:26.633+0000] {dagbag.py:539} INFO - Filling up the DagBag from /opt/airflow/dags/baby_dag.py
[2025-09-10T22:14:26.650+0000] {processor.py:839} INFO - DAG(s) dict_keys(['baby_pipeline']) retrieved from /opt/airflow/dags/baby_dag.py
[2025-09-10T22:14:26.677+0000] {logging_mixin.py:151} INFO - [2025-09-10T22:14:26.677+0000] {dag.py:2907} INFO - Sync 1 DAGs
[2025-09-10T22:14:26.685+0000] {logging_mixin.py:151} INFO - [2025-09-10T22:14:26.685+0000] {dag.py:3677} INFO - Setting next_dagrun for baby_pipeline to None, run_after=None
[2025-09-10T22:14:26.693+0000] {processor.py:179} INFO - Processing /opt/airflow/dags/baby_dag.py took 0.066 seconds
[2025-09-10T22:14:56.910+0000] {processor.py:157} INFO - Started process (PID=437) to work on /opt/airflow/dags/baby_dag.py
[2025-09-10T22:14:56.910+0000] {processor.py:829} INFO - Processing file /opt/airflow/dags/baby_dag.py for tasks to queue
[2025-09-10T22:14:56.911+0000] {logging_mixin.py:151} INFO - [2025-09-10T22:14:56.911+0000] {dagbag.py:539} INFO - Filling up the DagBag from /opt/airflow/dags/baby_dag.py
[2025-09-10T22:14:56.917+0000] {processor.py:839} INFO - DAG(s) dict_keys(['baby_pipeline']) retrieved from /opt/airflow/dags/baby_dag.py
[2025-09-10T22:14:56.931+0000] {logging_mixin.py:151} INFO - [2025-09-10T22:14:56.931+0000] {dag.py:2907} INFO - Sync 1 DAGs
[2025-09-10T22:14:56.936+0000] {logging_mixin.py:151} INFO - [2025-09-10T22:14:56.936+0000] {dag.py:3677} INFO - Setting next_dagrun for baby_pipeline to None, run_after=None
[2025-09-10T22:14:56.942+0000] {processor.py:179} INFO - Processing /opt/airflow/dags/baby_dag.py took 0.034 seconds
[2025-09-10T22:15:27.206+0000] {processor.py:157} INFO - Started process (PID=442) to work on /opt/airflow/dags/baby_dag.py
[2025-09-10T22:15:27.206+0000] {processor.py:829} INFO - Processing file /opt/airflow/dags/baby_dag.py for tasks to queue
[2025-09-10T22:15:27.207+0000] {logging_mixin.py:151} INFO - [2025-09-10T22:15:27.206+0000] {dagbag.py:539} INFO - Filling up the DagBag from /opt/airflow/dags/baby_dag.py
[2025-09-10T22:15:27.213+0000] {processor.py:839} INFO - DAG(s) dict_keys(['baby_pipeline']) retrieved from /opt/airflow/dags/baby_dag.py
[2025-09-10T22:15:27.225+0000] {logging_mixin.py:151} INFO - [2025-09-10T22:15:27.225+0000] {dag.py:2907} INFO - Sync 1 DAGs
[2025-09-10T22:15:27.229+0000] {logging_mixin.py:151} INFO - [2025-09-10T22:15:27.229+0000] {dag.py:3677} INFO - Setting next_dagrun for baby_pipeline to None, run_after=None
[2025-09-10T22:15:27.236+0000] {processor.py:179} INFO - Processing /opt/airflow/dags/baby_dag.py took 0.032 seconds
[2025-09-10T22:15:57.524+0000] {processor.py:157} INFO - Started process (PID=447) to work on /opt/airflow/dags/baby_dag.py
[2025-09-10T22:15:57.525+0000] {processor.py:829} INFO - Processing file /opt/airflow/dags/baby_dag.py for tasks to queue
[2025-09-10T22:15:57.526+0000] {logging_mixin.py:151} INFO - [2025-09-10T22:15:57.525+0000] {dagbag.py:539} INFO - Filling up the DagBag from /opt/airflow/dags/baby_dag.py
[2025-09-10T22:15:57.536+0000] {processor.py:839} INFO - DAG(s) dict_keys(['baby_pipeline']) retrieved from /opt/airflow/dags/baby_dag.py
[2025-09-10T22:15:57.554+0000] {logging_mixin.py:151} INFO - [2025-09-10T22:15:57.553+0000] {dag.py:2907} INFO - Sync 1 DAGs
[2025-09-10T22:15:57.560+0000] {logging_mixin.py:151} INFO - [2025-09-10T22:15:57.560+0000] {dag.py:3677} INFO - Setting next_dagrun for baby_pipeline to None, run_after=None
[2025-09-10T22:15:57.568+0000] {processor.py:179} INFO - Processing /opt/airflow/dags/baby_dag.py took 0.048 seconds
[2025-09-10T22:16:27.797+0000] {processor.py:157} INFO - Started process (PID=452) to work on /opt/airflow/dags/baby_dag.py
[2025-09-10T22:16:27.798+0000] {processor.py:829} INFO - Processing file /opt/airflow/dags/baby_dag.py for tasks to queue
[2025-09-10T22:16:27.799+0000] {logging_mixin.py:151} INFO - [2025-09-10T22:16:27.798+0000] {dagbag.py:539} INFO - Filling up the DagBag from /opt/airflow/dags/baby_dag.py
[2025-09-10T22:16:27.810+0000] {processor.py:839} INFO - DAG(s) dict_keys(['baby_pipeline']) retrieved from /opt/airflow/dags/baby_dag.py
[2025-09-10T22:16:27.832+0000] {logging_mixin.py:151} INFO - [2025-09-10T22:16:27.832+0000] {dag.py:2907} INFO - Sync 1 DAGs
[2025-09-10T22:16:27.841+0000] {logging_mixin.py:151} INFO - [2025-09-10T22:16:27.841+0000] {dag.py:3677} INFO - Setting next_dagrun for baby_pipeline to None, run_after=None
[2025-09-10T22:16:27.849+0000] {processor.py:179} INFO - Processing /opt/airflow/dags/baby_dag.py took 0.056 seconds
[2025-09-10T22:16:58.128+0000] {processor.py:157} INFO - Started process (PID=457) to work on /opt/airflow/dags/baby_dag.py
[2025-09-10T22:16:58.128+0000] {processor.py:829} INFO - Processing file /opt/airflow/dags/baby_dag.py for tasks to queue
[2025-09-10T22:16:58.129+0000] {logging_mixin.py:151} INFO - [2025-09-10T22:16:58.129+0000] {dagbag.py:539} INFO - Filling up the DagBag from /opt/airflow/dags/baby_dag.py
[2025-09-10T22:16:58.138+0000] {processor.py:839} INFO - DAG(s) dict_keys(['baby_pipeline']) retrieved from /opt/airflow/dags/baby_dag.py
[2025-09-10T22:16:58.154+0000] {logging_mixin.py:151} INFO - [2025-09-10T22:16:58.154+0000] {dag.py:2907} INFO - Sync 1 DAGs
[2025-09-10T22:16:58.160+0000] {logging_mixin.py:151} INFO - [2025-09-10T22:16:58.160+0000] {dag.py:3677} INFO - Setting next_dagrun for baby_pipeline to None, run_after=None
[2025-09-10T22:16:58.167+0000] {processor.py:179} INFO - Processing /opt/airflow/dags/baby_dag.py took 0.042 seconds
[2025-09-10T22:17:28.433+0000] {processor.py:157} INFO - Started process (PID=462) to work on /opt/airflow/dags/baby_dag.py
[2025-09-10T22:17:28.434+0000] {processor.py:829} INFO - Processing file /opt/airflow/dags/baby_dag.py for tasks to queue
[2025-09-10T22:17:28.435+0000] {logging_mixin.py:151} INFO - [2025-09-10T22:17:28.434+0000] {dagbag.py:539} INFO - Filling up the DagBag from /opt/airflow/dags/baby_dag.py
[2025-09-10T22:17:28.446+0000] {processor.py:839} INFO - DAG(s) dict_keys(['baby_pipeline']) retrieved from /opt/airflow/dags/baby_dag.py
[2025-09-10T22:17:28.466+0000] {logging_mixin.py:151} INFO - [2025-09-10T22:17:28.466+0000] {dag.py:2907} INFO - Sync 1 DAGs
[2025-09-10T22:17:28.473+0000] {logging_mixin.py:151} INFO - [2025-09-10T22:17:28.473+0000] {dag.py:3677} INFO - Setting next_dagrun for baby_pipeline to None, run_after=None
[2025-09-10T22:17:28.482+0000] {processor.py:179} INFO - Processing /opt/airflow/dags/baby_dag.py took 0.053 seconds
[2025-09-10T22:17:58.784+0000] {processor.py:157} INFO - Started process (PID=467) to work on /opt/airflow/dags/baby_dag.py
[2025-09-10T22:17:58.784+0000] {processor.py:829} INFO - Processing file /opt/airflow/dags/baby_dag.py for tasks to queue
[2025-09-10T22:17:58.785+0000] {logging_mixin.py:151} INFO - [2025-09-10T22:17:58.785+0000] {dagbag.py:539} INFO - Filling up the DagBag from /opt/airflow/dags/baby_dag.py
[2025-09-10T22:17:58.795+0000] {processor.py:839} INFO - DAG(s) dict_keys(['baby_pipeline']) retrieved from /opt/airflow/dags/baby_dag.py
[2025-09-10T22:17:58.815+0000] {logging_mixin.py:151} INFO - [2025-09-10T22:17:58.814+0000] {dag.py:2907} INFO - Sync 1 DAGs
[2025-09-10T22:17:58.821+0000] {logging_mixin.py:151} INFO - [2025-09-10T22:17:58.821+0000] {dag.py:3677} INFO - Setting next_dagrun for baby_pipeline to None, run_after=None
[2025-09-10T22:17:58.829+0000] {processor.py:179} INFO - Processing /opt/airflow/dags/baby_dag.py took 0.048 seconds
[2025-09-10T22:18:29.130+0000] {processor.py:157} INFO - Started process (PID=472) to work on /opt/airflow/dags/baby_dag.py
[2025-09-10T22:18:29.131+0000] {processor.py:829} INFO - Processing file /opt/airflow/dags/baby_dag.py for tasks to queue
[2025-09-10T22:18:29.132+0000] {logging_mixin.py:151} INFO - [2025-09-10T22:18:29.131+0000] {dagbag.py:539} INFO - Filling up the DagBag from /opt/airflow/dags/baby_dag.py
[2025-09-10T22:18:29.144+0000] {processor.py:839} INFO - DAG(s) dict_keys(['baby_pipeline']) retrieved from /opt/airflow/dags/baby_dag.py
[2025-09-10T22:18:29.164+0000] {logging_mixin.py:151} INFO - [2025-09-10T22:18:29.164+0000] {dag.py:2907} INFO - Sync 1 DAGs
[2025-09-10T22:18:29.171+0000] {logging_mixin.py:151} INFO - [2025-09-10T22:18:29.171+0000] {dag.py:3677} INFO - Setting next_dagrun for baby_pipeline to None, run_after=None
[2025-09-10T22:18:29.178+0000] {processor.py:179} INFO - Processing /opt/airflow/dags/baby_dag.py took 0.052 seconds
[2025-09-10T22:18:59.415+0000] {processor.py:157} INFO - Started process (PID=477) to work on /opt/airflow/dags/baby_dag.py
[2025-09-10T22:18:59.415+0000] {processor.py:829} INFO - Processing file /opt/airflow/dags/baby_dag.py for tasks to queue
[2025-09-10T22:18:59.416+0000] {logging_mixin.py:151} INFO - [2025-09-10T22:18:59.416+0000] {dagbag.py:539} INFO - Filling up the DagBag from /opt/airflow/dags/baby_dag.py
[2025-09-10T22:18:59.422+0000] {processor.py:839} INFO - DAG(s) dict_keys(['baby_pipeline']) retrieved from /opt/airflow/dags/baby_dag.py
[2025-09-10T22:18:59.438+0000] {logging_mixin.py:151} INFO - [2025-09-10T22:18:59.438+0000] {dag.py:2907} INFO - Sync 1 DAGs
[2025-09-10T22:18:59.445+0000] {logging_mixin.py:151} INFO - [2025-09-10T22:18:59.444+0000] {dag.py:3677} INFO - Setting next_dagrun for baby_pipeline to None, run_after=None
[2025-09-10T22:18:59.452+0000] {processor.py:179} INFO - Processing /opt/airflow/dags/baby_dag.py took 0.039 seconds
[2025-09-10T22:19:29.736+0000] {processor.py:157} INFO - Started process (PID=482) to work on /opt/airflow/dags/baby_dag.py
[2025-09-10T22:19:29.737+0000] {processor.py:829} INFO - Processing file /opt/airflow/dags/baby_dag.py for tasks to queue
[2025-09-10T22:19:29.737+0000] {logging_mixin.py:151} INFO - [2025-09-10T22:19:29.737+0000] {dagbag.py:539} INFO - Filling up the DagBag from /opt/airflow/dags/baby_dag.py
[2025-09-10T22:19:29.746+0000] {processor.py:839} INFO - DAG(s) dict_keys(['baby_pipeline']) retrieved from /opt/airflow/dags/baby_dag.py
[2025-09-10T22:19:29.762+0000] {logging_mixin.py:151} INFO - [2025-09-10T22:19:29.762+0000] {dag.py:2907} INFO - Sync 1 DAGs
[2025-09-10T22:19:29.768+0000] {logging_mixin.py:151} INFO - [2025-09-10T22:19:29.768+0000] {dag.py:3677} INFO - Setting next_dagrun for baby_pipeline to None, run_after=None
[2025-09-10T22:19:29.775+0000] {processor.py:179} INFO - Processing /opt/airflow/dags/baby_dag.py took 0.042 seconds
[2025-09-10T22:20:00.073+0000] {processor.py:157} INFO - Started process (PID=487) to work on /opt/airflow/dags/baby_dag.py
[2025-09-10T22:20:00.074+0000] {processor.py:829} INFO - Processing file /opt/airflow/dags/baby_dag.py for tasks to queue
[2025-09-10T22:20:00.074+0000] {logging_mixin.py:151} INFO - [2025-09-10T22:20:00.074+0000] {dagbag.py:539} INFO - Filling up the DagBag from /opt/airflow/dags/baby_dag.py
[2025-09-10T22:20:00.084+0000] {processor.py:839} INFO - DAG(s) dict_keys(['baby_pipeline']) retrieved from /opt/airflow/dags/baby_dag.py
[2025-09-10T22:20:00.100+0000] {logging_mixin.py:151} INFO - [2025-09-10T22:20:00.099+0000] {dag.py:2907} INFO - Sync 1 DAGs
[2025-09-10T22:20:00.105+0000] {logging_mixin.py:151} INFO - [2025-09-10T22:20:00.105+0000] {dag.py:3677} INFO - Setting next_dagrun for baby_pipeline to None, run_after=None
[2025-09-10T22:20:00.112+0000] {processor.py:179} INFO - Processing /opt/airflow/dags/baby_dag.py took 0.042 seconds
[2025-09-10T22:20:30.380+0000] {processor.py:157} INFO - Started process (PID=492) to work on /opt/airflow/dags/baby_dag.py
[2025-09-10T22:20:30.381+0000] {processor.py:829} INFO - Processing file /opt/airflow/dags/baby_dag.py for tasks to queue
[2025-09-10T22:20:30.381+0000] {logging_mixin.py:151} INFO - [2025-09-10T22:20:30.381+0000] {dagbag.py:539} INFO - Filling up the DagBag from /opt/airflow/dags/baby_dag.py
[2025-09-10T22:20:30.391+0000] {processor.py:839} INFO - DAG(s) dict_keys(['baby_pipeline']) retrieved from /opt/airflow/dags/baby_dag.py
[2025-09-10T22:20:30.407+0000] {logging_mixin.py:151} INFO - [2025-09-10T22:20:30.407+0000] {dag.py:2907} INFO - Sync 1 DAGs
[2025-09-10T22:20:30.412+0000] {logging_mixin.py:151} INFO - [2025-09-10T22:20:30.412+0000] {dag.py:3677} INFO - Setting next_dagrun for baby_pipeline to None, run_after=None
[2025-09-10T22:20:30.419+0000] {processor.py:179} INFO - Processing /opt/airflow/dags/baby_dag.py took 0.042 seconds
[2025-09-10T22:21:00.653+0000] {processor.py:157} INFO - Started process (PID=497) to work on /opt/airflow/dags/baby_dag.py
[2025-09-10T22:21:00.653+0000] {processor.py:829} INFO - Processing file /opt/airflow/dags/baby_dag.py for tasks to queue
[2025-09-10T22:21:00.654+0000] {logging_mixin.py:151} INFO - [2025-09-10T22:21:00.654+0000] {dagbag.py:539} INFO - Filling up the DagBag from /opt/airflow/dags/baby_dag.py
[2025-09-10T22:21:00.662+0000] {processor.py:839} INFO - DAG(s) dict_keys(['baby_pipeline']) retrieved from /opt/airflow/dags/baby_dag.py
[2025-09-10T22:21:00.677+0000] {logging_mixin.py:151} INFO - [2025-09-10T22:21:00.677+0000] {dag.py:2907} INFO - Sync 1 DAGs
[2025-09-10T22:21:00.682+0000] {logging_mixin.py:151} INFO - [2025-09-10T22:21:00.682+0000] {dag.py:3677} INFO - Setting next_dagrun for baby_pipeline to None, run_after=None
[2025-09-10T22:21:00.689+0000] {processor.py:179} INFO - Processing /opt/airflow/dags/baby_dag.py took 0.039 seconds
[2025-09-10T22:21:30.947+0000] {processor.py:157} INFO - Started process (PID=502) to work on /opt/airflow/dags/baby_dag.py
[2025-09-10T22:21:30.947+0000] {processor.py:829} INFO - Processing file /opt/airflow/dags/baby_dag.py for tasks to queue
[2025-09-10T22:21:30.948+0000] {logging_mixin.py:151} INFO - [2025-09-10T22:21:30.948+0000] {dagbag.py:539} INFO - Filling up the DagBag from /opt/airflow/dags/baby_dag.py
[2025-09-10T22:21:30.953+0000] {processor.py:839} INFO - DAG(s) dict_keys(['baby_pipeline']) retrieved from /opt/airflow/dags/baby_dag.py
[2025-09-10T22:21:30.970+0000] {logging_mixin.py:151} INFO - [2025-09-10T22:21:30.970+0000] {dag.py:2907} INFO - Sync 1 DAGs
[2025-09-10T22:21:30.976+0000] {logging_mixin.py:151} INFO - [2025-09-10T22:21:30.976+0000] {dag.py:3677} INFO - Setting next_dagrun for baby_pipeline to None, run_after=None
[2025-09-10T22:21:30.983+0000] {processor.py:179} INFO - Processing /opt/airflow/dags/baby_dag.py took 0.039 seconds
[2025-09-10T22:22:01.272+0000] {processor.py:157} INFO - Started process (PID=507) to work on /opt/airflow/dags/baby_dag.py
[2025-09-10T22:22:01.273+0000] {processor.py:829} INFO - Processing file /opt/airflow/dags/baby_dag.py for tasks to queue
[2025-09-10T22:22:01.274+0000] {logging_mixin.py:151} INFO - [2025-09-10T22:22:01.274+0000] {dagbag.py:539} INFO - Filling up the DagBag from /opt/airflow/dags/baby_dag.py
[2025-09-10T22:22:01.287+0000] {processor.py:839} INFO - DAG(s) dict_keys(['baby_pipeline']) retrieved from /opt/airflow/dags/baby_dag.py
[2025-09-10T22:22:01.307+0000] {logging_mixin.py:151} INFO - [2025-09-10T22:22:01.307+0000] {dag.py:2907} INFO - Sync 1 DAGs
[2025-09-10T22:22:01.314+0000] {logging_mixin.py:151} INFO - [2025-09-10T22:22:01.314+0000] {dag.py:3677} INFO - Setting next_dagrun for baby_pipeline to None, run_after=None
[2025-09-10T22:22:01.321+0000] {processor.py:179} INFO - Processing /opt/airflow/dags/baby_dag.py took 0.053 seconds
[2025-09-10T22:22:31.585+0000] {processor.py:157} INFO - Started process (PID=512) to work on /opt/airflow/dags/baby_dag.py
[2025-09-10T22:22:31.585+0000] {processor.py:829} INFO - Processing file /opt/airflow/dags/baby_dag.py for tasks to queue
[2025-09-10T22:22:31.586+0000] {logging_mixin.py:151} INFO - [2025-09-10T22:22:31.586+0000] {dagbag.py:539} INFO - Filling up the DagBag from /opt/airflow/dags/baby_dag.py
[2025-09-10T22:22:31.595+0000] {processor.py:839} INFO - DAG(s) dict_keys(['baby_pipeline']) retrieved from /opt/airflow/dags/baby_dag.py
[2025-09-10T22:22:31.612+0000] {logging_mixin.py:151} INFO - [2025-09-10T22:22:31.612+0000] {dag.py:2907} INFO - Sync 1 DAGs
[2025-09-10T22:22:31.617+0000] {logging_mixin.py:151} INFO - [2025-09-10T22:22:31.617+0000] {dag.py:3677} INFO - Setting next_dagrun for baby_pipeline to None, run_after=None
[2025-09-10T22:22:31.624+0000] {processor.py:179} INFO - Processing /opt/airflow/dags/baby_dag.py took 0.043 seconds
[2025-09-10T22:23:01.921+0000] {processor.py:157} INFO - Started process (PID=517) to work on /opt/airflow/dags/baby_dag.py
[2025-09-10T22:23:01.922+0000] {processor.py:829} INFO - Processing file /opt/airflow/dags/baby_dag.py for tasks to queue
[2025-09-10T22:23:01.923+0000] {logging_mixin.py:151} INFO - [2025-09-10T22:23:01.922+0000] {dagbag.py:539} INFO - Filling up the DagBag from /opt/airflow/dags/baby_dag.py
[2025-09-10T22:23:01.932+0000] {processor.py:839} INFO - DAG(s) dict_keys(['baby_pipeline']) retrieved from /opt/airflow/dags/baby_dag.py
[2025-09-10T22:23:01.949+0000] {logging_mixin.py:151} INFO - [2025-09-10T22:23:01.949+0000] {dag.py:2907} INFO - Sync 1 DAGs
[2025-09-10T22:23:01.954+0000] {logging_mixin.py:151} INFO - [2025-09-10T22:23:01.954+0000] {dag.py:3677} INFO - Setting next_dagrun for baby_pipeline to None, run_after=None
[2025-09-10T22:23:01.961+0000] {processor.py:179} INFO - Processing /opt/airflow/dags/baby_dag.py took 0.043 seconds
[2025-09-10T22:23:32.221+0000] {processor.py:157} INFO - Started process (PID=522) to work on /opt/airflow/dags/baby_dag.py
[2025-09-10T22:23:32.221+0000] {processor.py:829} INFO - Processing file /opt/airflow/dags/baby_dag.py for tasks to queue
[2025-09-10T22:23:32.222+0000] {logging_mixin.py:151} INFO - [2025-09-10T22:23:32.222+0000] {dagbag.py:539} INFO - Filling up the DagBag from /opt/airflow/dags/baby_dag.py
[2025-09-10T22:23:32.229+0000] {processor.py:839} INFO - DAG(s) dict_keys(['baby_pipeline']) retrieved from /opt/airflow/dags/baby_dag.py
[2025-09-10T22:23:32.244+0000] {logging_mixin.py:151} INFO - [2025-09-10T22:23:32.244+0000] {dag.py:2907} INFO - Sync 1 DAGs
[2025-09-10T22:23:32.250+0000] {logging_mixin.py:151} INFO - [2025-09-10T22:23:32.250+0000] {dag.py:3677} INFO - Setting next_dagrun for baby_pipeline to None, run_after=None
[2025-09-10T22:23:32.258+0000] {processor.py:179} INFO - Processing /opt/airflow/dags/baby_dag.py took 0.040 seconds
